# JRE version: Java(TM) SE Runtime Environment (8.0_40-b26) (build 1.8.0_40-b26)
# Java VM: Java HotSpot(TM) 64-Bit Server VM (25.40-b25 mixed mode windows-amd64 compressed oops)
Heap:
 PSYoungGen      total 141824K, used 55186K [0x000000076b200000, 0x0000000779480000, 0x00000007c0000000)
  eden space 124416K, 39% used [0x000000076b200000,0x000000076e284908,0x0000000772b80000)
  from space 17408K, 31% used [0x0000000772b80000,0x00000007730e0000,0x0000000773c80000)
  to   space 16896K, 0% used [0x0000000778400000,0x0000000778400000,0x0000000779480000)
 ParOldGen       total 167424K, used 19858K [0x00000006c1600000, 0x00000006cb980000, 0x000000076b200000)
  object space 167424K, 11% used [0x00000006c1600000,0x00000006c29649f8,0x00000006cb980000)
 Metaspace       used 35612K, capacity 36038K, committed 36224K, reserved 1081344K
  class space    used 4821K, capacity 4954K, committed 4992K, reserved 1048576K
GC Heap History (10 events):
Event: 10.301 GC heap before
{Heap before GC invocations=5 (full 1):
 PSYoungGen      total 76288K, used 69891K [0x000000076b200000, 0x0000000771b80000, 0x00000007c0000000)
  eden space 65536K, 100% used [0x000000076b200000,0x000000076f200000,0x000000076f200000)
  from space 10752K, 40% used [0x000000076f200000,0x000000076f640f40,0x000000076fc80000)
  to   space 10752K, 0% used [0x0000000771100000,0x0000000771100000,0x0000000771b80000)
 ParOldGen       total 109056K, used 4519K [0x00000006c1600000, 0x00000006c8080000, 0x000000076b200000)
  object space 109056K, 4% used [0x00000006c1600000,0x00000006c1a69dd0,0x00000006c8080000)
 Metaspace       used 24537K, capacity 24808K, committed 24960K, reserved 1071104K
  class space    used 3360K, capacity 3445K, committed 3456K, reserved 1048576K
Event: 10.309 GC heap after
Heap after GC invocations=5 (full 1):
 PSYoungGen      total 97280K, used 5992K [0x000000076b200000, 0x0000000772700000, 0x00000007c0000000)
  eden space 86528K, 0% used [0x000000076b200000,0x000000076b200000,0x0000000770680000)
  from space 10752K, 55% used [0x0000000771100000,0x00000007716da220,0x0000000771b80000)
  to   space 10752K, 0% used [0x0000000770680000,0x0000000770680000,0x0000000771100000)
 ParOldGen       total 109056K, used 4527K [0x00000006c1600000, 0x00000006c8080000, 0x000000076b200000)
  object space 109056K, 4% used [0x00000006c1600000,0x00000006c1a6bdd0,0x00000006c8080000)
 Metaspace       used 24537K, capacity 24808K, committed 24960K, reserved 1071104K
  class space    used 3360K, capacity 3445K, committed 3456K, reserved 1048576K
}
Event: 11.171 GC heap before
{Heap before GC invocations=6 (full 1):
 PSYoungGen      total 97280K, used 92520K [0x000000076b200000, 0x0000000772700000, 0x00000007c0000000)
  eden space 86528K, 100% used [0x000000076b200000,0x0000000770680000,0x0000000770680000)
  from space 10752K, 55% used [0x0000000771100000,0x00000007716da220,0x0000000771b80000)
  to   space 10752K, 0% used [0x0000000770680000,0x0000000770680000,0x0000000771100000)
 ParOldGen       total 109056K, used 4527K [0x00000006c1600000, 0x00000006c8080000, 0x000000076b200000)
  object space 109056K, 4% used [0x00000006c1600000,0x00000006c1a6bdd0,0x00000006c8080000)
 Metaspace       used 32477K, capacity 32808K, committed 33024K, reserved 1077248K
  class space    used 4402K, capacity 4525K, committed 4608K, reserved 1048576K
Event: 11.181 GC heap after
Heap after GC invocations=6 (full 1):
 PSYoungGen      total 97280K, used 10726K [0x000000076b200000, 0x0000000774b00000, 0x00000007c0000000)
  eden space 86528K, 0% used [0x000000076b200000,0x000000076b200000,0x0000000770680000)
  from space 10752K, 99% used [0x0000000770680000,0x00000007710f9a80,0x0000000771100000)
  to   space 14848K, 0% used [0x0000000773c80000,0x0000000773c80000,0x0000000774b00000)
 ParOldGen       total 109056K, used 10988K [0x00000006c1600000, 0x00000006c8080000, 0x000000076b200000)
  object space 109056K, 10% used [0x00000006c1600000,0x00000006c20bb158,0x00000006c8080000)
 Metaspace       used 32477K, capacity 32808K, committed 33024K, reserved 1077248K
  class space    used 4402K, capacity 4525K, committed 4608K, reserved 1048576K
}
Event: 11.503 GC heap before
{Heap before GC invocations=7 (full 1):
 PSYoungGen      total 97280K, used 68635K [0x000000076b200000, 0x0000000774b00000, 0x00000007c0000000)
  eden space 86528K, 66% used [0x000000076b200000,0x000000076ea8d3b8,0x0000000770680000)
  from space 10752K, 99% used [0x0000000770680000,0x00000007710f9a80,0x0000000771100000)
  to   space 14848K, 0% used [0x0000000773c80000,0x0000000773c80000,0x0000000774b00000)
 ParOldGen       total 109056K, used 10988K [0x00000006c1600000, 0x00000006c8080000, 0x000000076b200000)
  object space 109056K, 10% used [0x00000006c1600000,0x00000006c20bb158,0x00000006c8080000)
 Metaspace       used 34940K, capacity 35304K, committed 35456K, reserved 1079296K
  class space    used 4776K, capacity 4909K, committed 4992K, reserved 1048576K
Event: 11.514 GC heap after
Heap after GC invocations=7 (full 1):
 PSYoungGen      total 139264K, used 13908K [0x000000076b200000, 0x0000000775480000, 0x00000007c0000000)
  eden space 124416K, 0% used [0x000000076b200000,0x000000076b200000,0x0000000772b80000)
  from space 14848K, 93% used [0x0000000773c80000,0x0000000774a15318,0x0000000774b00000)
  to   space 17408K, 0% used [0x0000000772b80000,0x0000000772b80000,0x0000000773c80000)
 ParOldGen       total 109056K, used 10996K [0x00000006c1600000, 0x00000006c8080000, 0x000000076b200000)
  object space 109056K, 10% used [0x00000006c1600000,0x00000006c20bd158,0x00000006c8080000)
 Metaspace       used 34940K, capacity 35304K, committed 35456K, reserved 1079296K
  class space    used 4776K, capacity 4909K, committed 4992K, reserved 1048576K
}
Event: 11.514 GC heap before
{Heap before GC invocations=8 (full 2):
 PSYoungGen      total 139264K, used 13908K [0x000000076b200000, 0x0000000775480000, 0x00000007c0000000)
  eden space 124416K, 0% used [0x000000076b200000,0x000000076b200000,0x0000000772b80000)
  from space 14848K, 93% used [0x0000000773c80000,0x0000000774a15318,0x0000000774b00000)
  to   space 17408K, 0% used [0x0000000772b80000,0x0000000772b80000,0x0000000773c80000)
 ParOldGen       total 109056K, used 10996K [0x00000006c1600000, 0x00000006c8080000, 0x000000076b200000)
  object space 109056K, 10% used [0x00000006c1600000,0x00000006c20bd158,0x00000006c8080000)
 Metaspace       used 34940K, capacity 35304K, committed 35456K, reserved 1079296K
  class space    used 4776K, capacity 4909K, committed 4992K, reserved 1048576K
Event: 11.565 GC heap after
Heap after GC invocations=8 (full 2):
 PSYoungGen      total 139264K, used 0K [0x000000076b200000, 0x0000000775480000, 0x00000007c0000000)
  eden space 124416K, 0% used [0x000000076b200000,0x000000076b200000,0x0000000772b80000)
  from space 14848K, 0% used [0x0000000773c80000,0x0000000773c80000,0x0000000774b00000)
  to   space 17408K, 0% used [0x0000000772b80000,0x0000000772b80000,0x0000000773c80000)
 ParOldGen       total 167424K, used 19850K [0x00000006c1600000, 0x00000006cb980000, 0x000000076b200000)
  object space 167424K, 11% used [0x00000006c1600000,0x00000006c29629f8,0x00000006cb980000)
 Metaspace       used 34940K, capacity 35304K, committed 35456K, reserved 1079296K
  class space    used 4776K, capacity 4909K, committed 4992K, reserved 1048576K
}
Event: 12.632 GC heap before
{Heap before GC invocations=9 (full 2):
 PSYoungGen      total 139264K, used 124416K [0x000000076b200000, 0x0000000775480000, 0x00000007c0000000)
  eden space 124416K, 100% used [0x000000076b200000,0x0000000772b80000,0x0000000772b80000)
  from space 14848K, 0% used [0x0000000773c80000,0x0000000773c80000,0x0000000774b00000)
  to   space 17408K, 0% used [0x0000000772b80000,0x0000000772b80000,0x0000000773c80000)
 ParOldGen       total 167424K, used 19850K [0x00000006c1600000, 0x00000006cb980000, 0x000000076b200000)
  object space 167424K, 11% used [0x00000006c1600000,0x00000006c29629f8,0x00000006cb980000)
 Metaspace       used 35466K, capacity 35962K, committed 36224K, reserved 1081344K
  class space    used 4820K, capacity 4952K, committed 4992K, reserved 1048576K
Event: 12.640 GC heap after
Heap after GC invocations=9 (full 2):
 PSYoungGen      total 141824K, used 5504K [0x000000076b200000, 0x0000000779480000, 0x00000007c0000000)
  eden space 124416K, 0% used [0x000000076b200000,0x000000076b200000,0x0000000772b80000)
  from space 17408K, 31% used [0x0000000772b80000,0x00000007730e0000,0x0000000773c80000)
  to   space 16896K, 0% used [0x0000000778400000,0x0000000778400000,0x0000000779480000)
 ParOldGen       total 167424K, used 19858K [0x00000006c1600000, 0x00000006cb980000, 0x000000076b200000)
  object space 167424K, 11% used [0x00000006c1600000,0x00000006c29649f8,0x00000006cb980000)
 Metaspace       used 35466K, capacity 35962K, committed 36224K, reserved 1081344K
  class space    used 4820K, capacity 4952K, committed 4992K, reserved 1048576K
}

