# JRE version: Java(TM) SE Runtime Environment (8.0_40-b26) (build 1.8.0_40-b26)
# Java VM: Java HotSpot(TM) 64-Bit Server VM (25.40-b25 mixed mode windows-amd64 compressed oops)
Heap:
 PSYoungGen      total 208384K, used 89371K [0x000000076b200000, 0x000000077eb80000, 0x00000007c0000000)
  eden space 188928K, 38% used [0x000000076b200000,0x000000076f9d05f8,0x0000000776a80000)
  from space 19456K, 81% used [0x0000000776a80000,0x00000007779f6638,0x0000000777d80000)
  to   space 20992K, 0% used [0x000000077d700000,0x000000077d700000,0x000000077eb80000)
 ParOldGen       total 178688K, used 18613K [0x00000006c1600000, 0x00000006cc480000, 0x000000076b200000)
  object space 178688K, 10% used [0x00000006c1600000,0x00000006c282d7b0,0x00000006cc480000)
 Metaspace       used 40170K, capacity 40860K, committed 40960K, reserved 1085440K
  class space    used 5398K, capacity 5571K, committed 5632K, reserved 1048576K
GC Heap History (10 events):
Event: 23.101 GC heap before
{Heap before GC invocations=9 (full 2):
 PSYoungGen      total 120320K, used 103936K [0x000000076b200000, 0x0000000774a00000, 0x00000007c0000000)
  eden space 103936K, 100% used [0x000000076b200000,0x0000000771780000,0x0000000771780000)
  from space 16384K, 0% used [0x0000000772980000,0x0000000772980000,0x0000000773980000)
  to   space 18432K, 0% used [0x0000000771780000,0x0000000771780000,0x0000000772980000)
 ParOldGen       total 178688K, used 18573K [0x00000006c1600000, 0x00000006cc480000, 0x000000076b200000)
  object space 178688K, 10% used [0x00000006c1600000,0x00000006c28237b0,0x00000006cc480000)
 Metaspace       used 35370K, capacity 35714K, committed 36096K, reserved 1081344K
  class space    used 4753K, capacity 4848K, committed 4864K, reserved 1048576K
Event: 23.107 GC heap after
Heap after GC invocations=9 (full 2):
 PSYoungGen      total 122368K, used 5600K [0x000000076b200000, 0x0000000776a80000, 0x00000007c0000000)
  eden space 103936K, 0% used [0x000000076b200000,0x000000076b200000,0x0000000771780000)
  from space 18432K, 30% used [0x0000000771780000,0x0000000771cf8000,0x0000000772980000)
  to   space 17920K, 0% used [0x0000000775900000,0x0000000775900000,0x0000000776a80000)
 ParOldGen       total 178688K, used 18581K [0x00000006c1600000, 0x00000006cc480000, 0x000000076b200000)
  object space 178688K, 10% used [0x00000006c1600000,0x00000006c28257b0,0x00000006cc480000)
 Metaspace       used 35370K, capacity 35714K, committed 36096K, reserved 1081344K
  class space    used 4753K, capacity 4848K, committed 4864K, reserved 1048576K
}
Event: 27.150 GC heap before
{Heap before GC invocations=10 (full 2):
 PSYoungGen      total 122368K, used 109536K [0x000000076b200000, 0x0000000776a80000, 0x00000007c0000000)
  eden space 103936K, 100% used [0x000000076b200000,0x0000000771780000,0x0000000771780000)
  from space 18432K, 30% used [0x0000000771780000,0x0000000771cf8000,0x0000000772980000)
  to   space 17920K, 0% used [0x0000000775900000,0x0000000775900000,0x0000000776a80000)
 ParOldGen       total 178688K, used 18581K [0x00000006c1600000, 0x00000006cc480000, 0x000000076b200000)
  object space 178688K, 10% used [0x00000006c1600000,0x00000006c28257b0,0x00000006cc480000)
 Metaspace       used 36353K, capacity 36764K, committed 37120K, reserved 1081344K
  class space    used 4937K, capacity 5055K, committed 5120K, reserved 1048576K
Event: 27.156 GC heap after
Heap after GC invocations=10 (full 2):
 PSYoungGen      total 157696K, used 10013K [0x000000076b200000, 0x0000000776380000, 0x00000007c0000000)
  eden space 146944K, 0% used [0x000000076b200000,0x000000076b200000,0x0000000774180000)
  from space 10752K, 93% used [0x0000000775900000,0x00000007762c7740,0x0000000776380000)
  to   space 17408K, 0% used [0x0000000774180000,0x0000000774180000,0x0000000775280000)
 ParOldGen       total 178688K, used 18589K [0x00000006c1600000, 0x00000006cc480000, 0x000000076b200000)
  object space 178688K, 10% used [0x00000006c1600000,0x00000006c28277b0,0x00000006cc480000)
 Metaspace       used 36353K, capacity 36764K, committed 37120K, reserved 1081344K
  class space    used 4937K, capacity 5055K, committed 5120K, reserved 1048576K
}
Event: 29.164 GC heap before
{Heap before GC invocations=11 (full 2):
 PSYoungGen      total 157696K, used 156909K [0x000000076b200000, 0x0000000776380000, 0x00000007c0000000)
  eden space 146944K, 99% used [0x000000076b200000,0x0000000774173f38,0x0000000774180000)
  from space 10752K, 93% used [0x0000000775900000,0x00000007762c7740,0x0000000776380000)
  to   space 17408K, 0% used [0x0000000774180000,0x0000000774180000,0x0000000775280000)
 ParOldGen       total 178688K, used 18589K [0x00000006c1600000, 0x00000006cc480000, 0x000000076b200000)
  object space 178688K, 10% used [0x00000006c1600000,0x00000006c28277b0,0x00000006cc480000)
 Metaspace       used 39769K, capacity 40370K, committed 40448K, reserved 1083392K
  class space    used 5383K, capacity 5564K, committed 5632K, reserved 1048576K
Event: 29.194 GC heap after
Heap after GC invocations=11 (full 2):
 PSYoungGen      total 164352K, used 15718K [0x000000076b200000, 0x0000000779080000, 0x00000007c0000000)
  eden space 146944K, 0% used [0x000000076b200000,0x000000076b200000,0x0000000774180000)
  from space 17408K, 90% used [0x0000000774180000,0x00000007750d9888,0x0000000775280000)
  to   space 19456K, 0% used [0x0000000777d80000,0x0000000777d80000,0x0000000779080000)
 ParOldGen       total 178688K, used 18597K [0x00000006c1600000, 0x00000006cc480000, 0x000000076b200000)
  object space 178688K, 10% used [0x00000006c1600000,0x00000006c28297b0,0x00000006cc480000)
 Metaspace       used 39769K, capacity 40370K, committed 40448K, reserved 1083392K
  class space    used 5383K, capacity 5564K, committed 5632K, reserved 1048576K
}
Event: 29.499 GC heap before
{Heap before GC invocations=12 (full 2):
 PSYoungGen      total 164352K, used 162599K [0x000000076b200000, 0x0000000779080000, 0x00000007c0000000)
  eden space 146944K, 99% used [0x000000076b200000,0x00000007741705e8,0x0000000774180000)
  from space 17408K, 90% used [0x0000000774180000,0x00000007750d9888,0x0000000775280000)
  to   space 19456K, 0% used [0x0000000777d80000,0x0000000777d80000,0x0000000779080000)
 ParOldGen       total 178688K, used 18597K [0x00000006c1600000, 0x00000006cc480000, 0x000000076b200000)
  object space 178688K, 10% used [0x00000006c1600000,0x00000006c28297b0,0x00000006cc480000)
 Metaspace       used 39776K, capacity 40370K, committed 40448K, reserved 1083392K
  class space    used 5383K, capacity 5564K, committed 5632K, reserved 1048576K
Event: 29.558 GC heap after
Heap after GC invocations=12 (full 2):
 PSYoungGen      total 208384K, used 13390K [0x000000076b200000, 0x000000077af00000, 0x00000007c0000000)
  eden space 188928K, 0% used [0x000000076b200000,0x000000076b200000,0x0000000776a80000)
  from space 19456K, 68% used [0x0000000777d80000,0x0000000778a939d0,0x0000000779080000)
  to   space 19456K, 0% used [0x0000000776a80000,0x0000000776a80000,0x0000000777d80000)
 ParOldGen       total 178688K, used 18605K [0x00000006c1600000, 0x00000006cc480000, 0x000000076b200000)
  object space 178688K, 10% used [0x00000006c1600000,0x00000006c282b7b0,0x00000006cc480000)
 Metaspace       used 39776K, capacity 40370K, committed 40448K, reserved 1083392K
  class space    used 5383K, capacity 5564K, committed 5632K, reserved 1048576K
}
Event: 30.616 GC heap before
{Heap before GC invocations=13 (full 2):
 PSYoungGen      total 208384K, used 202318K [0x000000076b200000, 0x000000077af00000, 0x00000007c0000000)
  eden space 188928K, 100% used [0x000000076b200000,0x0000000776a80000,0x0000000776a80000)
  from space 19456K, 68% used [0x0000000777d80000,0x0000000778a939d0,0x0000000779080000)
  to   space 19456K, 0% used [0x0000000776a80000,0x0000000776a80000,0x0000000777d80000)
 ParOldGen       total 178688K, used 18605K [0x00000006c1600000, 0x00000006cc480000, 0x000000076b200000)
  object space 178688K, 10% used [0x00000006c1600000,0x00000006c282b7b0,0x00000006cc480000)
 Metaspace       used 39984K, capacity 40626K, committed 40704K, reserved 1085440K
  class space    used 5394K, capacity 5564K, committed 5632K, reserved 1048576K
Event: 30.626 GC heap after
Heap after GC invocations=13 (full 2):
 PSYoungGen      total 208384K, used 15833K [0x000000076b200000, 0x000000077eb80000, 0x00000007c0000000)
  eden space 188928K, 0% used [0x000000076b200000,0x000000076b200000,0x0000000776a80000)
  from space 19456K, 81% used [0x0000000776a80000,0x00000007779f6638,0x0000000777d80000)
  to   space 20992K, 0% used [0x000000077d700000,0x000000077d700000,0x000000077eb80000)
 ParOldGen       total 178688K, used 18613K [0x00000006c1600000, 0x00000006cc480000, 0x000000076b200000)
  object space 178688K, 10% used [0x00000006c1600000,0x00000006c282d7b0,0x00000006cc480000)
 Metaspace       used 39984K, capacity 40626K, committed 40704K, reserved 1085440K
  class space    used 5394K, capacity 5564K, committed 5632K, reserved 1048576K
}

