# JRE version: Java(TM) SE Runtime Environment (8.0_60-b27) (build 1.8.0_60-b27)
# Java VM: Java HotSpot(TM) 64-Bit Server VM (25.60-b23 mixed mode windows-amd64 compressed oops)
Heap:
 PSYoungGen      total 351744K, used 149597K [0x0000000781900000, 0x0000000798a80000, 0x00000007c0000000)
  eden space 333824K, 42% used [0x0000000781900000,0x000000078a525b00,0x0000000795f00000)
  from space 17920K, 33% used [0x0000000796f80000,0x0000000797571b08,0x0000000798100000)
  to   space 16896K, 0% used [0x0000000795f00000,0x0000000795f00000,0x0000000796f80000)
 ParOldGen       total 132608K, used 20721K [0x0000000704a00000, 0x000000070cb80000, 0x0000000781900000)
  object space 132608K, 15% used [0x0000000704a00000,0x0000000705e3c4a0,0x000000070cb80000)
 Metaspace       used 37264K, capacity 37680K, committed 38016K, reserved 1081344K
  class space    used 5023K, capacity 5153K, committed 5248K, reserved 1048576K
GC Heap History (10 events):
Event: 146.716 GC heap before
{Heap before GC invocations=14 (full 1):
 PSYoungGen      total 193024K, used 176953K [0x0000000781900000, 0x000000078eb00000, 0x00000007c0000000)
  eden space 176128K, 99% used [0x0000000781900000,0x000000078c4c8d78,0x000000078c500000)
  from space 16896K, 6% used [0x000000078da80000,0x000000078db857b0,0x000000078eb00000)
  to   space 19456K, 0% used [0x000000078c500000,0x000000078c500000,0x000000078d800000)
 ParOldGen       total 89088K, used 28903K [0x0000000704a00000, 0x000000070a100000, 0x0000000781900000)
  object space 89088K, 32% used [0x0000000704a00000,0x0000000706639d68,0x000000070a100000)
 Metaspace       used 32569K, capacity 32880K, committed 33280K, reserved 1077248K
  class space    used 4372K, capacity 4485K, committed 4608K, reserved 1048576K
Event: 146.720 GC heap after
Heap after GC invocations=14 (full 1):
 PSYoungGen      total 195584K, used 1521K [0x0000000781900000, 0x0000000793380000, 0x00000007c0000000)
  eden space 176128K, 0% used [0x0000000781900000,0x0000000781900000,0x000000078c500000)
  from space 19456K, 7% used [0x000000078c500000,0x000000078c67c440,0x000000078d800000)
  to   space 19456K, 0% used [0x0000000792080000,0x0000000792080000,0x0000000793380000)
 ParOldGen       total 89088K, used 28927K [0x0000000704a00000, 0x000000070a100000, 0x0000000781900000)
  object space 89088K, 32% used [0x0000000704a00000,0x000000070663fd68,0x000000070a100000)
 Metaspace       used 32569K, capacity 32880K, committed 33280K, reserved 1077248K
  class space    used 4372K, capacity 4485K, committed 4608K, reserved 1048576K
}
Event: 147.269 GC heap before
{Heap before GC invocations=15 (full 1):
 PSYoungGen      total 195584K, used 177570K [0x0000000781900000, 0x0000000793380000, 0x00000007c0000000)
  eden space 176128K, 99% used [0x0000000781900000,0x000000078c4ec780,0x000000078c500000)
  from space 19456K, 7% used [0x000000078c500000,0x000000078c67c440,0x000000078d800000)
  to   space 19456K, 0% used [0x0000000792080000,0x0000000792080000,0x0000000793380000)
 ParOldGen       total 89088K, used 28927K [0x0000000704a00000, 0x000000070a100000, 0x0000000781900000)
  object space 89088K, 32% used [0x0000000704a00000,0x000000070663fd68,0x000000070a100000)
 Metaspace       used 32572K, capacity 32880K, committed 33280K, reserved 1077248K
  class space    used 4372K, capacity 4485K, committed 4608K, reserved 1048576K
Event: 147.271 GC heap after
Heap after GC invocations=15 (full 1):
 PSYoungGen      total 257536K, used 1951K [0x0000000781900000, 0x0000000792d00000, 0x00000007c0000000)
  eden space 244736K, 0% used [0x0000000781900000,0x0000000781900000,0x0000000790800000)
  from space 12800K, 15% used [0x0000000792080000,0x0000000792267dd0,0x0000000792d00000)
  to   space 18944K, 0% used [0x0000000790800000,0x0000000790800000,0x0000000791a80000)
 ParOldGen       total 89088K, used 28943K [0x0000000704a00000, 0x000000070a100000, 0x0000000781900000)
  object space 89088K, 32% used [0x0000000704a00000,0x0000000706643d68,0x000000070a100000)
 Metaspace       used 32572K, capacity 32880K, committed 33280K, reserved 1077248K
  class space    used 4372K, capacity 4485K, committed 4608K, reserved 1048576K
}
Event: 148.363 GC heap before
{Heap before GC invocations=16 (full 1):
 PSYoungGen      total 257536K, used 228889K [0x0000000781900000, 0x0000000792d00000, 0x00000007c0000000)
  eden space 244736K, 92% used [0x0000000781900000,0x000000078f69e798,0x0000000790800000)
  from space 12800K, 15% used [0x0000000792080000,0x0000000792267dd0,0x0000000792d00000)
  to   space 18944K, 0% used [0x0000000790800000,0x0000000790800000,0x0000000791a80000)
 ParOldGen       total 89088K, used 28943K [0x0000000704a00000, 0x000000070a100000, 0x0000000781900000)
  object space 89088K, 32% used [0x0000000704a00000,0x0000000706643d68,0x000000070a100000)
 Metaspace       used 34944K, capacity 35216K, committed 35496K, reserved 1079296K
  class space    used 4715K, capacity 4813K, committed 4864K, reserved 1048576K
Event: 148.371 GC heap after
Heap after GC invocations=16 (full 1):
 PSYoungGen      total 263680K, used 4252K [0x0000000781900000, 0x0000000798100000, 0x00000007c0000000)
  eden space 244736K, 0% used [0x0000000781900000,0x0000000781900000,0x0000000790800000)
  from space 18944K, 22% used [0x0000000790800000,0x0000000790c27388,0x0000000791a80000)
  to   space 17920K, 0% used [0x0000000796f80000,0x0000000796f80000,0x0000000798100000)
 ParOldGen       total 89088K, used 29551K [0x0000000704a00000, 0x000000070a100000, 0x0000000781900000)
  object space 89088K, 33% used [0x0000000704a00000,0x00000007066dbf78,0x000000070a100000)
 Metaspace       used 34944K, capacity 35216K, committed 35496K, reserved 1079296K
  class space    used 4715K, capacity 4813K, committed 4864K, reserved 1048576K
}
Event: 148.371 GC heap before
{Heap before GC invocations=17 (full 2):
 PSYoungGen      total 263680K, used 4252K [0x0000000781900000, 0x0000000798100000, 0x00000007c0000000)
  eden space 244736K, 0% used [0x0000000781900000,0x0000000781900000,0x0000000790800000)
  from space 18944K, 22% used [0x0000000790800000,0x0000000790c27388,0x0000000791a80000)
  to   space 17920K, 0% used [0x0000000796f80000,0x0000000796f80000,0x0000000798100000)
 ParOldGen       total 89088K, used 29551K [0x0000000704a00000, 0x000000070a100000, 0x0000000781900000)
  object space 89088K, 33% used [0x0000000704a00000,0x00000007066dbf78,0x000000070a100000)
 Metaspace       used 34944K, capacity 35216K, committed 35496K, reserved 1079296K
  class space    used 4715K, capacity 4813K, committed 4864K, reserved 1048576K
Event: 148.496 GC heap after
Heap after GC invocations=17 (full 2):
 PSYoungGen      total 263680K, used 0K [0x0000000781900000, 0x0000000798100000, 0x00000007c0000000)
  eden space 244736K, 0% used [0x0000000781900000,0x0000000781900000,0x0000000790800000)
  from space 18944K, 0% used [0x0000000790800000,0x0000000790800000,0x0000000791a80000)
  to   space 17920K, 0% used [0x0000000796f80000,0x0000000796f80000,0x0000000798100000)
 ParOldGen       total 132608K, used 20713K [0x0000000704a00000, 0x000000070cb80000, 0x0000000781900000)
  object space 132608K, 15% used [0x0000000704a00000,0x0000000705e3a4a0,0x000000070cb80000)
 Metaspace       used 34944K, capacity 35216K, committed 35496K, reserved 1079296K
  class space    used 4715K, capacity 4813K, committed 4864K, reserved 1048576K
}
Event: 160.447 GC heap before
{Heap before GC invocations=18 (full 2):
 PSYoungGen      total 263680K, used 244736K [0x0000000781900000, 0x0000000798100000, 0x00000007c0000000)
  eden space 244736K, 100% used [0x0000000781900000,0x0000000790800000,0x0000000790800000)
  from space 18944K, 0% used [0x0000000790800000,0x0000000790800000,0x0000000791a80000)
  to   space 17920K, 0% used [0x0000000796f80000,0x0000000796f80000,0x0000000798100000)
 ParOldGen       total 132608K, used 20713K [0x0000000704a00000, 0x000000070cb80000, 0x0000000781900000)
  object space 132608K, 15% used [0x0000000704a00000,0x0000000705e3a4a0,0x000000070cb80000)
 Metaspace       used 36943K, capacity 37350K, committed 37632K, reserved 1081344K
  class space    used 5008K, capacity 5114K, committed 5120K, reserved 1048576K
Event: 160.455 GC heap after
Heap after GC invocations=18 (full 2):
 PSYoungGen      total 351744K, used 6086K [0x0000000781900000, 0x0000000798a80000, 0x00000007c0000000)
  eden space 333824K, 0% used [0x0000000781900000,0x0000000781900000,0x0000000795f00000)
  from space 17920K, 33% used [0x0000000796f80000,0x0000000797571b08,0x0000000798100000)
  to   space 16896K, 0% used [0x0000000795f00000,0x0000000795f00000,0x0000000796f80000)
 ParOldGen       total 132608K, used 20721K [0x0000000704a00000, 0x000000070cb80000, 0x0000000781900000)
  object space 132608K, 15% used [0x0000000704a00000,0x0000000705e3c4a0,0x000000070cb80000)
 Metaspace       used 36943K, capacity 37350K, committed 37632K, reserved 1081344K
  class space    used 5008K, capacity 5114K, committed 5120K, reserved 1048576K
}

