# JRE version: Java(TM) SE Runtime Environment (8.0_40-b26) (build 1.8.0_40-b26)
# Java VM: Java HotSpot(TM) 64-Bit Server VM (25.40-b25 mixed mode windows-amd64 compressed oops)
Heap:
 PSYoungGen      total 404480K, used 55350K [0x000000076b200000, 0x0000000785580000, 0x00000007c0000000)
  eden space 387584K, 12% used [0x000000076b200000,0x000000076dfc1868,0x0000000782c80000)
  from space 16896K, 50% used [0x0000000784500000,0x0000000784d4c2b8,0x0000000785580000)
  to   space 20992K, 0% used [0x0000000782c80000,0x0000000782c80000,0x0000000784100000)
 ParOldGen       total 177664K, used 24080K [0x00000006c1600000, 0x00000006cc380000, 0x000000076b200000)
  object space 177664K, 13% used [0x00000006c1600000,0x00000006c2d84368,0x00000006cc380000)
 Metaspace       used 40299K, capacity 40964K, committed 41216K, reserved 1085440K
  class space    used 5421K, capacity 5607K, committed 5632K, reserved 1048576K
GC Heap History (10 events):
Event: 25.078 GC heap before
{Heap before GC invocations=6 (full 1):
 PSYoungGen      total 199168K, used 199148K [0x000000076b200000, 0x0000000778480000, 0x00000007c0000000)
  eden space 188416K, 100% used [0x000000076b200000,0x0000000776a00000,0x0000000776a00000)
  from space 10752K, 99% used [0x0000000777a00000,0x000000077847b1b0,0x0000000778480000)
  to   space 10752K, 0% used [0x0000000776f80000,0x0000000776f80000,0x0000000777a00000)
 ParOldGen       total 98304K, used 13146K [0x00000006c1600000, 0x00000006c7600000, 0x000000076b200000)
  object space 98304K, 13% used [0x00000006c1600000,0x00000006c22d6a70,0x00000006c7600000)
 Metaspace       used 34667K, capacity 35034K, committed 35328K, reserved 1079296K
  class space    used 4722K, capacity 4828K, committed 4864K, reserved 1048576K
Event: 25.089 GC heap after
Heap after GC invocations=6 (full 1):
 PSYoungGen      total 204800K, used 10750K [0x000000076b200000, 0x000000077e300000, 0x00000007c0000000)
  eden space 194048K, 0% used [0x000000076b200000,0x000000076b200000,0x0000000776f80000)
  from space 10752K, 99% used [0x0000000776f80000,0x00000007779ffac8,0x0000000777a00000)
  to   space 24576K, 0% used [0x000000077cb00000,0x000000077cb00000,0x000000077e300000)
 ParOldGen       total 98304K, used 21726K [0x00000006c1600000, 0x00000006c7600000, 0x000000076b200000)
  object space 98304K, 22% used [0x00000006c1600000,0x00000006c2b37ac0,0x00000006c7600000)
 Metaspace       used 34667K, capacity 35034K, committed 35328K, reserved 1079296K
  class space    used 4722K, capacity 4828K, committed 4864K, reserved 1048576K
}
Event: 27.698 GC heap before
{Heap before GC invocations=7 (full 1):
 PSYoungGen      total 204800K, used 57106K [0x000000076b200000, 0x000000077e300000, 0x00000007c0000000)
  eden space 194048K, 23% used [0x000000076b200000,0x000000076df44ec8,0x0000000776f80000)
  from space 10752K, 99% used [0x0000000776f80000,0x00000007779ffac8,0x0000000777a00000)
  to   space 24576K, 0% used [0x000000077cb00000,0x000000077cb00000,0x000000077e300000)
 ParOldGen       total 98304K, used 21726K [0x00000006c1600000, 0x00000006c7600000, 0x000000076b200000)
  object space 98304K, 22% used [0x00000006c1600000,0x00000006c2b37ac0,0x00000006c7600000)
 Metaspace       used 34778K, capacity 35210K, committed 35496K, reserved 1079296K
  class space    used 4739K, capacity 4836K, committed 4864K, reserved 1048576K
Event: 27.705 GC heap after
Heap after GC invocations=7 (full 1):
 PSYoungGen      total 284672K, used 12046K [0x000000076b200000, 0x000000077df80000, 0x00000007c0000000)
  eden space 263680K, 0% used [0x000000076b200000,0x000000076b200000,0x000000077b380000)
  from space 20992K, 57% used [0x000000077cb00000,0x000000077d6c3ab8,0x000000077df80000)
  to   space 22528K, 0% used [0x000000077b380000,0x000000077b380000,0x000000077c980000)
 ParOldGen       total 98304K, used 21734K [0x00000006c1600000, 0x00000006c7600000, 0x000000076b200000)
  object space 98304K, 22% used [0x00000006c1600000,0x00000006c2b39ac0,0x00000006c7600000)
 Metaspace       used 34778K, capacity 35210K, committed 35496K, reserved 1079296K
  class space    used 4739K, capacity 4836K, committed 4864K, reserved 1048576K
}
Event: 27.705 GC heap before
{Heap before GC invocations=8 (full 2):
 PSYoungGen      total 284672K, used 12046K [0x000000076b200000, 0x000000077df80000, 0x00000007c0000000)
  eden space 263680K, 0% used [0x000000076b200000,0x000000076b200000,0x000000077b380000)
  from space 20992K, 57% used [0x000000077cb00000,0x000000077d6c3ab8,0x000000077df80000)
  to   space 22528K, 0% used [0x000000077b380000,0x000000077b380000,0x000000077c980000)
 ParOldGen       total 98304K, used 21734K [0x00000006c1600000, 0x00000006c7600000, 0x000000076b200000)
  object space 98304K, 22% used [0x00000006c1600000,0x00000006c2b39ac0,0x00000006c7600000)
 Metaspace       used 34778K, capacity 35210K, committed 35496K, reserved 1079296K
  class space    used 4739K, capacity 4836K, committed 4864K, reserved 1048576K
Event: 27.764 GC heap after
Heap after GC invocations=8 (full 2):
 PSYoungGen      total 284672K, used 0K [0x000000076b200000, 0x000000077df80000, 0x00000007c0000000)
  eden space 263680K, 0% used [0x000000076b200000,0x000000076b200000,0x000000077b380000)
  from space 20992K, 0% used [0x000000077cb00000,0x000000077cb00000,0x000000077df80000)
  to   space 22528K, 0% used [0x000000077b380000,0x000000077b380000,0x000000077c980000)
 ParOldGen       total 177664K, used 24000K [0x00000006c1600000, 0x00000006cc380000, 0x000000076b200000)
  object space 177664K, 13% used [0x00000006c1600000,0x00000006c2d70358,0x00000006cc380000)
 Metaspace       used 34778K, capacity 35210K, committed 35496K, reserved 1079296K
  class space    used 4739K, capacity 4836K, committed 4864K, reserved 1048576K
}
Event: 30.194 GC heap before
{Heap before GC invocations=9 (full 2):
 PSYoungGen      total 284672K, used 263674K [0x000000076b200000, 0x000000077df80000, 0x00000007c0000000)
  eden space 263680K, 99% used [0x000000076b200000,0x000000077b37e968,0x000000077b380000)
  from space 20992K, 0% used [0x000000077cb00000,0x000000077cb00000,0x000000077df80000)
  to   space 22528K, 0% used [0x000000077b380000,0x000000077b380000,0x000000077c980000)
 ParOldGen       total 177664K, used 24000K [0x00000006c1600000, 0x00000006cc380000, 0x000000076b200000)
  object space 177664K, 13% used [0x00000006c1600000,0x00000006c2d70358,0x00000006cc380000)
 Metaspace       used 39907K, capacity 40538K, committed 40704K, reserved 1085440K
  class space    used 5405K, capacity 5600K, committed 5632K, reserved 1048576K
Event: 30.209 GC heap after
Heap after GC invocations=9 (full 2):
 PSYoungGen      total 286208K, used 8346K [0x000000076b200000, 0x0000000785a80000, 0x00000007c0000000)
  eden space 263680K, 0% used [0x000000076b200000,0x000000076b200000,0x000000077b380000)
  from space 22528K, 37% used [0x000000077b380000,0x000000077bba6920,0x000000077c980000)
  to   space 22016K, 0% used [0x0000000784500000,0x0000000784500000,0x0000000785a80000)
 ParOldGen       total 177664K, used 24072K [0x00000006c1600000, 0x00000006cc380000, 0x000000076b200000)
  object space 177664K, 13% used [0x00000006c1600000,0x00000006c2d82368,0x00000006cc380000)
 Metaspace       used 39907K, capacity 40538K, committed 40704K, reserved 1085440K
  class space    used 5405K, capacity 5600K, committed 5632K, reserved 1048576K
}
Event: 31.476 GC heap before
{Heap before GC invocations=10 (full 2):
 PSYoungGen      total 286208K, used 272026K [0x000000076b200000, 0x0000000785a80000, 0x00000007c0000000)
  eden space 263680K, 100% used [0x000000076b200000,0x000000077b380000,0x000000077b380000)
  from space 22528K, 37% used [0x000000077b380000,0x000000077bba6920,0x000000077c980000)
  to   space 22016K, 0% used [0x0000000784500000,0x0000000784500000,0x0000000785a80000)
 ParOldGen       total 177664K, used 24072K [0x00000006c1600000, 0x00000006cc380000, 0x000000076b200000)
  object space 177664K, 13% used [0x00000006c1600000,0x00000006c2d82368,0x00000006cc380000)
 Metaspace       used 40179K, capacity 40888K, committed 40960K, reserved 1085440K
  class space    used 5419K, capacity 5605K, committed 5632K, reserved 1048576K
Event: 31.481 GC heap after
Heap after GC invocations=10 (full 2):
 PSYoungGen      total 404480K, used 8496K [0x000000076b200000, 0x0000000785580000, 0x00000007c0000000)
  eden space 387584K, 0% used [0x000000076b200000,0x000000076b200000,0x0000000782c80000)
  from space 16896K, 50% used [0x0000000784500000,0x0000000784d4c2b8,0x0000000785580000)
  to   space 20992K, 0% used [0x0000000782c80000,0x0000000782c80000,0x0000000784100000)
 ParOldGen       total 177664K, used 24080K [0x00000006c1600000, 0x00000006cc380000, 0x000000076b200000)
  object space 177664K, 13% used [0x00000006c1600000,0x00000006c2d84368,0x00000006cc380000)
 Metaspace       used 40179K, capacity 40888K, committed 40960K, reserved 1085440K
  class space    used 5419K, capacity 5605K, committed 5632K, reserved 1048576K
}

