# JRE version: Java(TM) SE Runtime Environment (8.0_40-b26) (build 1.8.0_40-b26)
# Java VM: Java HotSpot(TM) 64-Bit Server VM (25.40-b25 mixed mode windows-amd64 compressed oops)
Heap:
 PSYoungGen      total 126464K, used 38972K [0x000000076b200000, 0x0000000776480000, 0x00000007c0000000)
  eden space 108032K, 19% used [0x000000076b200000,0x000000076c621468,0x0000000771b80000)
  from space 18432K, 99% used [0x0000000771b80000,0x0000000772d6df40,0x0000000772d80000)
  to   space 21504K, 0% used [0x0000000774f80000,0x0000000774f80000,0x0000000776480000)
 ParOldGen       total 110080K, used 12498K [0x00000006c1600000, 0x00000006c8180000, 0x000000076b200000)
  object space 110080K, 11% used [0x00000006c1600000,0x00000006c2234a28,0x00000006c8180000)
 Metaspace       used 33402K, capacity 33756K, committed 34048K, reserved 1079296K
  class space    used 4408K, capacity 4495K, committed 4608K, reserved 1048576K
GC Heap History (10 events):
Event: 4.960 GC heap before
{Heap before GC invocations=4 (full 1):
 PSYoungGen      total 76288K, used 65536K [0x000000076b200000, 0x0000000774700000, 0x00000007c0000000)
  eden space 65536K, 100% used [0x000000076b200000,0x000000076f200000,0x000000076f200000)
  from space 10752K, 0% used [0x000000076fc80000,0x000000076fc80000,0x0000000770700000)
  to   space 10752K, 0% used [0x000000076f200000,0x000000076f200000,0x000000076fc80000)
 ParOldGen       total 110080K, used 4516K [0x00000006c1600000, 0x00000006c8180000, 0x000000076b200000)
  object space 110080K, 4% used [0x00000006c1600000,0x00000006c1a69058,0x00000006c8180000)
 Metaspace       used 23638K, capacity 23874K, committed 24192K, reserved 1071104K
  class space    used 3262K, capacity 3348K, committed 3456K, reserved 1048576K
Event: 4.963 GC heap after
Heap after GC invocations=4 (full 1):
 PSYoungGen      total 76288K, used 4532K [0x000000076b200000, 0x0000000771b00000, 0x00000007c0000000)
  eden space 65536K, 0% used [0x000000076b200000,0x000000076b200000,0x000000076f200000)
  from space 10752K, 42% used [0x000000076f200000,0x000000076f66d160,0x000000076fc80000)
  to   space 10752K, 0% used [0x0000000771080000,0x0000000771080000,0x0000000771b00000)
 ParOldGen       total 110080K, used 4524K [0x00000006c1600000, 0x00000006c8180000, 0x000000076b200000)
  object space 110080K, 4% used [0x00000006c1600000,0x00000006c1a6b058,0x00000006c8180000)
 Metaspace       used 23638K, capacity 23874K, committed 24192K, reserved 1071104K
  class space    used 3262K, capacity 3348K, committed 3456K, reserved 1048576K
}
Event: 14.850 GC heap before
{Heap before GC invocations=5 (full 1):
 PSYoungGen      total 76288K, used 70068K [0x000000076b200000, 0x0000000771b00000, 0x00000007c0000000)
  eden space 65536K, 100% used [0x000000076b200000,0x000000076f200000,0x000000076f200000)
  from space 10752K, 42% used [0x000000076f200000,0x000000076f66d160,0x000000076fc80000)
  to   space 10752K, 0% used [0x0000000771080000,0x0000000771080000,0x0000000771b00000)
 ParOldGen       total 110080K, used 4524K [0x00000006c1600000, 0x00000006c8180000, 0x000000076b200000)
  object space 110080K, 4% used [0x00000006c1600000,0x00000006c1a6b058,0x00000006c8180000)
 Metaspace       used 25007K, capacity 25288K, committed 25600K, reserved 1071104K
  class space    used 3384K, capacity 3477K, committed 3584K, reserved 1048576K
Event: 14.858 GC heap after
Heap after GC invocations=5 (full 1):
 PSYoungGen      total 93696K, used 10747K [0x000000076b200000, 0x0000000771b00000, 0x00000007c0000000)
  eden space 82944K, 0% used [0x000000076b200000,0x000000076b200000,0x0000000770300000)
  from space 10752K, 99% used [0x0000000771080000,0x0000000771afecf0,0x0000000771b00000)
  to   space 10752K, 0% used [0x0000000770600000,0x0000000770600000,0x0000000771080000)
 ParOldGen       total 110080K, used 7970K [0x00000006c1600000, 0x00000006c8180000, 0x000000076b200000)
  object space 110080K, 7% used [0x00000006c1600000,0x00000006c1dc88f8,0x00000006c8180000)
 Metaspace       used 25007K, capacity 25288K, committed 25600K, reserved 1071104K
  class space    used 3384K, capacity 3477K, committed 3584K, reserved 1048576K
}
Event: 15.485 GC heap before
{Heap before GC invocations=6 (full 1):
 PSYoungGen      total 93696K, used 93691K [0x000000076b200000, 0x0000000771b00000, 0x00000007c0000000)
  eden space 82944K, 100% used [0x000000076b200000,0x0000000770300000,0x0000000770300000)
  from space 10752K, 99% used [0x0000000771080000,0x0000000771afecf0,0x0000000771b00000)
  to   space 10752K, 0% used [0x0000000770600000,0x0000000770600000,0x0000000771080000)
 ParOldGen       total 110080K, used 7970K [0x00000006c1600000, 0x00000006c8180000, 0x000000076b200000)
  object space 110080K, 7% used [0x00000006c1600000,0x00000006c1dc88f8,0x00000006c8180000)
 Metaspace       used 32038K, capacity 32434K, committed 32640K, reserved 1077248K
  class space    used 4274K, capacity 4384K, committed 4480K, reserved 1048576K
Event: 15.495 GC heap after
Heap after GC invocations=6 (full 1):
 PSYoungGen      total 96768K, used 10725K [0x000000076b200000, 0x0000000773f00000, 0x00000007c0000000)
  eden space 86016K, 0% used [0x000000076b200000,0x000000076b200000,0x0000000770600000)
  from space 10752K, 99% used [0x0000000770600000,0x0000000771079690,0x0000000771080000)
  to   space 17920K, 0% used [0x0000000772d80000,0x0000000772d80000,0x0000000773f00000)
 ParOldGen       total 110080K, used 12490K [0x00000006c1600000, 0x00000006c8180000, 0x000000076b200000)
  object space 110080K, 11% used [0x00000006c1600000,0x00000006c2232a28,0x00000006c8180000)
 Metaspace       used 32038K, capacity 32434K, committed 32640K, reserved 1077248K
  class space    used 4274K, capacity 4384K, committed 4480K, reserved 1048576K
}
Event: 21.287 GC heap before
{Heap before GC invocations=7 (full 1):
 PSYoungGen      total 96768K, used 96741K [0x000000076b200000, 0x0000000773f00000, 0x00000007c0000000)
  eden space 86016K, 100% used [0x000000076b200000,0x0000000770600000,0x0000000770600000)
  from space 10752K, 99% used [0x0000000770600000,0x0000000771079690,0x0000000771080000)
  to   space 17920K, 0% used [0x0000000772d80000,0x0000000772d80000,0x0000000773f00000)
 ParOldGen       total 110080K, used 12490K [0x00000006c1600000, 0x00000006c8180000, 0x000000076b200000)
  object space 110080K, 11% used [0x00000006c1600000,0x00000006c2232a28,0x00000006c8180000)
 Metaspace       used 32763K, capacity 33132K, committed 33536K, reserved 1079296K
  class space    used 4390K, capacity 4487K, committed 4608K, reserved 1048576K
Event: 21.295 GC heap after
Heap after GC invocations=7 (full 1):
 PSYoungGen      total 125952K, used 12631K [0x000000076b200000, 0x0000000773f80000, 0x00000007c0000000)
  eden space 108032K, 0% used [0x000000076b200000,0x000000076b200000,0x0000000771b80000)
  from space 17920K, 70% used [0x0000000772d80000,0x00000007739d5f40,0x0000000773f00000)
  to   space 18432K, 0% used [0x0000000771b80000,0x0000000771b80000,0x0000000772d80000)
 ParOldGen       total 110080K, used 12498K [0x00000006c1600000, 0x00000006c8180000, 0x000000076b200000)
  object space 110080K, 11% used [0x00000006c1600000,0x00000006c2234a28,0x00000006c8180000)
 Metaspace       used 32763K, capacity 33132K, committed 33536K, reserved 1079296K
  class space    used 4390K, capacity 4487K, committed 4608K, reserved 1048576K
}
Event: 22.826 GC heap before
{Heap before GC invocations=8 (full 1):
 PSYoungGen      total 125952K, used 120663K [0x000000076b200000, 0x0000000773f80000, 0x00000007c0000000)
  eden space 108032K, 100% used [0x000000076b200000,0x0000000771b80000,0x0000000771b80000)
  from space 17920K, 70% used [0x0000000772d80000,0x00000007739d5f40,0x0000000773f00000)
  to   space 18432K, 0% used [0x0000000771b80000,0x0000000771b80000,0x0000000772d80000)
 ParOldGen       total 110080K, used 12498K [0x00000006c1600000, 0x00000006c8180000, 0x000000076b200000)
  object space 110080K, 11% used [0x00000006c1600000,0x00000006c2234a28,0x00000006c8180000)
 Metaspace       used 33334K, capacity 33692K, committed 34048K, reserved 1079296K
  class space    used 4406K, capacity 4495K, committed 4608K, reserved 1048576K
Event: 22.846 GC heap after
Heap after GC invocations=8 (full 1):
 PSYoungGen      total 126464K, used 18359K [0x000000076b200000, 0x0000000776480000, 0x00000007c0000000)
  eden space 108032K, 0% used [0x000000076b200000,0x000000076b200000,0x0000000771b80000)
  from space 18432K, 99% used [0x0000000771b80000,0x0000000772d6df40,0x0000000772d80000)
  to   space 21504K, 0% used [0x0000000774f80000,0x0000000774f80000,0x0000000776480000)
 ParOldGen       total 110080K, used 12498K [0x00000006c1600000, 0x00000006c8180000, 0x000000076b200000)
  object space 110080K, 11% used [0x00000006c1600000,0x00000006c2234a28,0x00000006c8180000)
 Metaspace       used 33334K, capacity 33692K, committed 34048K, reserved 1079296K
  class space    used 4406K, capacity 4495K, committed 4608K, reserved 1048576K
}

