# JRE version: Java(TM) SE Runtime Environment (8.0_40-b26) (build 1.8.0_40-b26)
# Java VM: Java HotSpot(TM) 64-Bit Server VM (25.40-b25 mixed mode windows-amd64 compressed oops)
Heap:
 PSYoungGen      total 210944K, used 186984K [0x000000076b200000, 0x000000077ee00000, 0x00000007c0000000)
  eden space 190976K, 89% used [0x000000076b200000,0x00000007759029f0,0x0000000776c80000)
  from space 19968K, 79% used [0x0000000776c80000,0x0000000777c17638,0x0000000778000000)
  to   space 20992K, 0% used [0x000000077d980000,0x000000077d980000,0x000000077ee00000)
 ParOldGen       total 182272K, used 18543K [0x00000006c1600000, 0x00000006cc800000, 0x000000076b200000)
  object space 182272K, 10% used [0x00000006c1600000,0x00000006c281bdd8,0x00000006cc800000)
 Metaspace       used 40296K, capacity 41014K, committed 41216K, reserved 1085440K
  class space    used 5403K, capacity 5578K, committed 5632K, reserved 1048576K
GC Heap History (10 events):
Event: 14.904 GC heap before
{Heap before GC invocations=9 (full 2):
 PSYoungGen      total 122368K, used 105984K [0x000000076b200000, 0x0000000774800000, 0x00000007c0000000)
  eden space 105984K, 100% used [0x000000076b200000,0x0000000771980000,0x0000000771980000)
  from space 16384K, 0% used [0x0000000772b80000,0x0000000772b80000,0x0000000773b80000)
  to   space 18432K, 0% used [0x0000000771980000,0x0000000771980000,0x0000000772b80000)
 ParOldGen       total 182272K, used 18511K [0x00000006c1600000, 0x00000006cc800000, 0x000000076b200000)
  object space 182272K, 10% used [0x00000006c1600000,0x00000006c2813dd8,0x00000006cc800000)
 Metaspace       used 35412K, capacity 35710K, committed 36096K, reserved 1081344K
  class space    used 4755K, capacity 4850K, committed 4864K, reserved 1048576K
Event: 14.909 GC heap after
Heap after GC invocations=9 (full 2):
 PSYoungGen      total 124416K, used 5728K [0x000000076b200000, 0x0000000776a00000, 0x00000007c0000000)
  eden space 105984K, 0% used [0x000000076b200000,0x000000076b200000,0x0000000771980000)
  from space 18432K, 31% used [0x0000000771980000,0x0000000771f18000,0x0000000772b80000)
  to   space 17920K, 0% used [0x0000000775880000,0x0000000775880000,0x0000000776a00000)
 ParOldGen       total 182272K, used 18519K [0x00000006c1600000, 0x00000006cc800000, 0x000000076b200000)
  object space 182272K, 10% used [0x00000006c1600000,0x00000006c2815dd8,0x00000006cc800000)
 Metaspace       used 35412K, capacity 35710K, committed 36096K, reserved 1081344K
  class space    used 4755K, capacity 4850K, committed 4864K, reserved 1048576K
}
Event: 18.949 GC heap before
{Heap before GC invocations=10 (full 2):
 PSYoungGen      total 124416K, used 111712K [0x000000076b200000, 0x0000000776a00000, 0x00000007c0000000)
  eden space 105984K, 100% used [0x000000076b200000,0x0000000771980000,0x0000000771980000)
  from space 18432K, 31% used [0x0000000771980000,0x0000000771f18000,0x0000000772b80000)
  to   space 17920K, 0% used [0x0000000775880000,0x0000000775880000,0x0000000776a00000)
 ParOldGen       total 182272K, used 18519K [0x00000006c1600000, 0x00000006cc800000, 0x000000076b200000)
  object space 182272K, 10% used [0x00000006c1600000,0x00000006c2815dd8,0x00000006cc800000)
 Metaspace       used 37171K, capacity 37560K, committed 37760K, reserved 1081344K
  class space    used 5020K, capacity 5153K, committed 5248K, reserved 1048576K
Event: 18.957 GC heap after
Heap after GC invocations=10 (full 2):
 PSYoungGen      total 159232K, used 10905K [0x000000076b200000, 0x0000000776480000, 0x00000007c0000000)
  eden space 146944K, 0% used [0x000000076b200000,0x000000076b200000,0x0000000774180000)
  from space 12288K, 88% used [0x0000000775880000,0x0000000776326770,0x0000000776480000)
  to   space 17920K, 0% used [0x0000000774180000,0x0000000774180000,0x0000000775300000)
 ParOldGen       total 182272K, used 18527K [0x00000006c1600000, 0x00000006cc800000, 0x000000076b200000)
  object space 182272K, 10% used [0x00000006c1600000,0x00000006c2817dd8,0x00000006cc800000)
 Metaspace       used 37171K, capacity 37560K, committed 37760K, reserved 1081344K
  class space    used 5020K, capacity 5153K, committed 5248K, reserved 1048576K
}
Event: 20.811 GC heap before
{Heap before GC invocations=11 (full 2):
 PSYoungGen      total 159232K, used 157849K [0x000000076b200000, 0x0000000776480000, 0x00000007c0000000)
  eden space 146944K, 100% used [0x000000076b200000,0x0000000774180000,0x0000000774180000)
  from space 12288K, 88% used [0x0000000775880000,0x0000000776326770,0x0000000776480000)
  to   space 17920K, 0% used [0x0000000774180000,0x0000000774180000,0x0000000775300000)
 ParOldGen       total 182272K, used 18527K [0x00000006c1600000, 0x00000006cc800000, 0x000000076b200000)
  object space 182272K, 10% used [0x00000006c1600000,0x00000006c2817dd8,0x00000006cc800000)
 Metaspace       used 39774K, capacity 40418K, committed 40704K, reserved 1085440K
  class space    used 5384K, capacity 5564K, committed 5632K, reserved 1048576K
Event: 20.858 GC heap after
Heap after GC invocations=11 (full 2):
 PSYoungGen      total 164864K, used 15298K [0x000000076b200000, 0x0000000779300000, 0x00000007c0000000)
  eden space 146944K, 0% used [0x000000076b200000,0x000000076b200000,0x0000000774180000)
  from space 17920K, 85% used [0x0000000774180000,0x0000000775070b98,0x0000000775300000)
  to   space 19456K, 0% used [0x0000000778000000,0x0000000778000000,0x0000000779300000)
 ParOldGen       total 182272K, used 18535K [0x00000006c1600000, 0x00000006cc800000, 0x000000076b200000)
  object space 182272K, 10% used [0x00000006c1600000,0x00000006c2819dd8,0x00000006cc800000)
 Metaspace       used 39774K, capacity 40418K, committed 40704K, reserved 1085440K
  class space    used 5384K, capacity 5564K, committed 5632K, reserved 1048576K
}
Event: 20.995 GC heap before
{Heap before GC invocations=12 (full 2):
 PSYoungGen      total 164864K, used 162242K [0x000000076b200000, 0x0000000779300000, 0x00000007c0000000)
  eden space 146944K, 100% used [0x000000076b200000,0x0000000774180000,0x0000000774180000)
  from space 17920K, 85% used [0x0000000774180000,0x0000000775070b98,0x0000000775300000)
  to   space 19456K, 0% used [0x0000000778000000,0x0000000778000000,0x0000000779300000)
 ParOldGen       total 182272K, used 18535K [0x00000006c1600000, 0x00000006cc800000, 0x000000076b200000)
  object space 182272K, 10% used [0x00000006c1600000,0x00000006c2819dd8,0x00000006cc800000)
 Metaspace       used 39776K, capacity 40418K, committed 40704K, reserved 1085440K
  class space    used 5384K, capacity 5564K, committed 5632K, reserved 1048576K
Event: 21.024 GC heap after
Heap after GC invocations=12 (full 2):
 PSYoungGen      total 210432K, used 13515K [0x000000076b200000, 0x000000077af80000, 0x00000007c0000000)
  eden space 190976K, 0% used [0x000000076b200000,0x000000076b200000,0x0000000776c80000)
  from space 19456K, 69% used [0x0000000778000000,0x0000000778d32d68,0x0000000779300000)
  to   space 19968K, 0% used [0x0000000776c80000,0x0000000776c80000,0x0000000778000000)
 ParOldGen       total 182272K, used 18535K [0x00000006c1600000, 0x00000006cc800000, 0x000000076b200000)
  object space 182272K, 10% used [0x00000006c1600000,0x00000006c2819dd8,0x00000006cc800000)
 Metaspace       used 39776K, capacity 40418K, committed 40704K, reserved 1085440K
  class space    used 5384K, capacity 5564K, committed 5632K, reserved 1048576K
}
Event: 21.852 GC heap before
{Heap before GC invocations=13 (full 2):
 PSYoungGen      total 210432K, used 204491K [0x000000076b200000, 0x000000077af80000, 0x00000007c0000000)
  eden space 190976K, 100% used [0x000000076b200000,0x0000000776c80000,0x0000000776c80000)
  from space 19456K, 69% used [0x0000000778000000,0x0000000778d32d68,0x0000000779300000)
  to   space 19968K, 0% used [0x0000000776c80000,0x0000000776c80000,0x0000000778000000)
 ParOldGen       total 182272K, used 18535K [0x00000006c1600000, 0x00000006cc800000, 0x000000076b200000)
  object space 182272K, 10% used [0x00000006c1600000,0x00000006c2819dd8,0x00000006cc800000)
 Metaspace       used 40003K, capacity 40674K, committed 40960K, reserved 1085440K
  class space    used 5395K, capacity 5564K, committed 5632K, reserved 1048576K
Event: 21.863 GC heap after
Heap after GC invocations=13 (full 2):
 PSYoungGen      total 210944K, used 15965K [0x000000076b200000, 0x000000077ee00000, 0x00000007c0000000)
  eden space 190976K, 0% used [0x000000076b200000,0x000000076b200000,0x0000000776c80000)
  from space 19968K, 79% used [0x0000000776c80000,0x0000000777c17638,0x0000000778000000)
  to   space 20992K, 0% used [0x000000077d980000,0x000000077d980000,0x000000077ee00000)
 ParOldGen       total 182272K, used 18543K [0x00000006c1600000, 0x00000006cc800000, 0x000000076b200000)
  object space 182272K, 10% used [0x00000006c1600000,0x00000006c281bdd8,0x00000006cc800000)
 Metaspace       used 40003K, capacity 40674K, committed 40960K, reserved 1085440K
  class space    used 5395K, capacity 5564K, committed 5632K, reserved 1048576K
}

